Building the project, see build.log for details
Project built successfully
The current node (initiator) has node id: 24
The peer node with hostname n002 has node id: 28
The peer node with hostname n003 has node id: 32
The peer node with hostname n004 has node id: 36
The peer node with hostname v002 has node id: 64
The peer node with hostname v003 has node id: 68
The peer node with hostname v004 has node id: 72
##################### PIO EXPERIMENTS #####################
$PIO_WRITE;1;3173715710
$PIO_READ;1;1123300
$PIO_WRITE_FLUSH;1;6617147
$PIO_WRITE_SEQCHK;1;720909
$PIO_WRITE_IOSPACE;1;40447128
$PIO_READ_IOSPACE;1;1124935
##################### DMA EXPERIMENTS #####################
$DMA_WRITE;1;224457
$DMA_READ;1;80099
################### SCALE-UP EXPERIMENTS ##################
$PIO_WRITE_SCALE_UP_1_28;1;342433921
$PIO_READ_SCALE_UP_1_28;1;1124061
$PIO_WRITE_SCALE_UP_2_28;1;153700986
$PIO_READ_SCALE_UP_2_28;1;1125606
$PIO_WRITE_SCALE_UP_3_28;1;96245009
$PIO_READ_SCALE_UP_3_28;1;1125713
$PIO_WRITE_SCALE_UP_4_72;1;47861568
$PIO_READ_SCALE_UP_4_72;1;867603
$PIO_WRITE_SCALE_UP_5_72;1;46036641
$PIO_READ_SCALE_UP_5_72;1;862886
$PIO_WRITE_SCALE_UP_6_72;1;55802118
$PIO_READ_SCALE_UP_6_72;1;864004
$PIO_WRITE_SCALE_UP_1_28;1;340697982
$PIO_READ_SCALE_UP_1_28;1;1125663
$PIO_WRITE_SCALE_UP_2_28;1;153843704
$PIO_READ_SCALE_UP_2_28;1;1122888
$PIO_WRITE_SCALE_UP_3_28;1;96723571
$PIO_READ_SCALE_UP_3_28;1;1122565
$PIO_WRITE_SCALE_UP_4_28;1;73642808
$PIO_READ_SCALE_UP_4_28;1;1125300
$PIO_WRITE_SCALE_UP_5_28;1;46999427
$PIO_READ_SCALE_UP_5_28;1;1123571
$PIO_WRITE_SCALE_UP_6_28;1;56868028
$PIO_READ_SCALE_UP_6_28;1;1124990
################## SCALE-OUT EXPERIMENTS ##################
$PIO_WRITE_SCALE_OUT_1;1;272970459
$PIO_READ_SCALE_OUT_1;1;1123190
$PIO_WRITE_SCALE_OUT_1;4096;1545227
$PIO_WRITE_SCALE_OUT_1;2097152;7383
$PIO_WRITE_SCALE_OUT_2;1;281440891
$PIO_READ_SCALE_OUT_2;1;1123474
$PIO_WRITE_SCALE_OUT_2;4096;1545295
$PIO_WRITE_SCALE_OUT_2;2097152;5949
$PIO_WRITE_SCALE_OUT_3;1;279355030
$PIO_READ_SCALE_OUT_3;1;1101636
$PIO_WRITE_SCALE_OUT_3;4096;1022047
$PIO_WRITE_SCALE_OUT_3;2097152;1574
$PIO_WRITE_SCALE_OUT_4;1;159951320
$PIO_READ_SCALE_OUT_4;1;544308
$PIO_WRITE_SCALE_OUT_4;4096;1358367
$PIO_WRITE_SCALE_OUT_4;2097152;1785
$PIO_WRITE_SCALE_OUT_5;1;143862797
$PIO_READ_SCALE_OUT_5;1;89293
$PIO_WRITE_SCALE_OUT_5;4096;1534234
$PIO_WRITE_SCALE_OUT_5;2097152;1900
$PIO_WRITE_SCALE_OUT_6;1;135953286
$PIO_READ_SCALE_OUT_6;1;99186
$PIO_WRITE_SCALE_OUT_6;4096;1542407
$PIO_WRITE_SCALE_OUT_6;2097152;2009
################## SCALE-UP-OUT EXPERIMENTS ##################
$PIO_WRITE_SCALE_UP_OUT_2_1;1;151734319
$PIO_READ_SCALE_UP_OUT_2_1;1;1123542
$PIO_WRITE_SCALE_UP_OUT_2_1;4096;1586791
$PIO_WRITE_SCALE_UP_OUT_2_1;2097152;7355
$PIO_WRITE_SCALE_UP_OUT_2_2;1;136263978
$PIO_READ_SCALE_UP_OUT_2_2;1;1121359
$PIO_WRITE_SCALE_UP_OUT_2_2;4096;1577013
$PIO_WRITE_SCALE_UP_OUT_2_2;2097152;6167
$PIO_WRITE_SCALE_UP_OUT_2_3;1;100791462
$PIO_READ_SCALE_UP_OUT_2_3;1;819162
$PIO_WRITE_SCALE_UP_OUT_2_3;4096;1027571
$PIO_WRITE_SCALE_UP_OUT_2_3;2097152;1619
$PIO_WRITE_SCALE_UP_OUT_2_4;1;111104860
$PIO_READ_SCALE_UP_OUT_2_4;1;153548
$PIO_WRITE_SCALE_UP_OUT_2_4;4096;1358677
$PIO_WRITE_SCALE_UP_OUT_2_4;2097152;1796
$PIO_WRITE_SCALE_UP_OUT_2_5;1;111949276
$PIO_READ_SCALE_UP_OUT_2_5;1;159710
$PIO_WRITE_SCALE_UP_OUT_2_5;4096;1576328
$PIO_WRITE_SCALE_UP_OUT_2_5;2097152;1914
$PIO_WRITE_SCALE_UP_OUT_2_6;1;149696295
$PIO_READ_SCALE_UP_OUT_2_6;1;191670
$PIO_WRITE_SCALE_UP_OUT_2_6;4096;1576440
$PIO_WRITE_SCALE_UP_OUT_2_6;2097152;2012
################# VAR-SIZE PIO EXPERIMENTS #################
$PIO_WRITE;1;256370535
$PIO_WRITE_FLUSH;1;6609569
$PIO_READ;1;1123683
$PIO_WRITE;2;261750372
$PIO_WRITE_FLUSH;2;6593217
$PIO_READ;2;1123244
$PIO_WRITE;4;269282187
$PIO_WRITE_FLUSH;4;6601155
$PIO_READ;4;1123369
$PIO_WRITE;8;273165160
$PIO_WRITE_FLUSH;8;6600212
$PIO_READ;8;1122126
$PIO_WRITE_MEMCPY;4;2970536
$PIO_READ_MEMCPY;4;506801
$PIO_WRITE_MEMCPY;8;2951629
$PIO_READ_MEMCPY;8;507580
$PIO_WRITE_MEMCPY;16;2963311
$PIO_READ_MEMCPY;16;505966
$PIO_WRITE_MEMCPY;32;2941088
$PIO_READ_MEMCPY;32;266309
$PIO_WRITE_MEMCPY;64;2955030
$PIO_READ_MEMCPY;64;265424
$PIO_WRITE_MEMCPY;128;2947056
$PIO_READ_MEMCPY;128;136701
$PIO_WRITE_MEMCPY;256;2892875
$PIO_READ_MEMCPY;256;69132
$PIO_WRITE_MEMCPY;512;1996696
$PIO_READ_MEMCPY;512;32753
$PIO_WRITE_MEMCPY;1024;1937143
$PIO_READ_MEMCPY;1024;16979
$PIO_WRITE_MEMCPY;2048;1808549
$PIO_READ_MEMCPY;2048;8605
$PIO_WRITE_MEMCPY;4096;1552479
$PIO_READ_MEMCPY;4096;4342
$PIO_WRITE_MEMCPY;8192;1211009
$PIO_READ_MEMCPY;8192;2177
$PIO_WRITE_MEMCPY;16384;823174
$PIO_READ_MEMCPY;16384;1090
$PIO_WRITE_MEMCPY;32768;466474
$PIO_READ_MEMCPY;32768;546
$PIO_WRITE_MEMCPY;65536;234566
$PIO_READ_MEMCPY;65536;273
$PIO_WRITE_MEMCPY;131072;117965
$PIO_READ_MEMCPY;131072;136
$PIO_WRITE_MEMCPY;262144;58774
$PIO_READ_MEMCPY;262144;68
$PIO_WRITE_MEMCPY;524288;29602
$PIO_READ_MEMCPY;524288;34
$PIO_WRITE_MEMCPY;1048576;14693
$PIO_READ_MEMCPY;1048576;17
$PIO_WRITE_MEMCPY;2097152;7382
$PIO_READ_MEMCPY;2097152;8
$PIO_WRITE_MEMCPY;4194304;3682
$PIO_READ_MEMCPY;4194304;4
$PIO_WRITE_MEMCPY;8388608;1816
$PIO_READ_MEMCPY;8388608;2
$PIO_WRITE_MEMCPY;16777216;906
$PIO_READ_MEMCPY;16777216;1
################# VAR-SIZE DMA EXPERIMENTS #################
$DMA_WRITE;1024;195241
$DMA_READ;1024;79843
$DMA_WRITE;2048;191147
$DMA_READ;2048;81828
$DMA_WRITE;4096;183067
$DMA_READ;4096;98665
$DMA_WRITE;8192;181665
$DMA_READ;8192;178030
$DMA_WRITE;16384;183944
$DMA_READ;16384;179614
$DMA_WRITE;32768;182951
$DMA_READ;32768;126658
$DMA_WRITE;65536;133692
$DMA_READ;65536;78845
$DMA_WRITE;131072;97454
$DMA_READ;131072;43055
$DMA_WRITE;262144;32518
$DMA_READ;262144;19025
$DMA_WRITE;524288;20519
$DMA_READ;524288;12436
$DMA_WRITE;1048576;13215
$DMA_READ;1048576;7551
$DMA_WRITE;2097152;8168
$DMA_READ;2097152;4254
$DMA_WRITE;4194304;4477
$DMA_READ;4194304;2285
$DMA_WRITE;8388608;2369
$DMA_READ;8388608;1173
$DMA_WRITE;16777216;1239
$DMA_READ;16777216;597
##################### DMA VEC EXPERIMENTS #####################
$DMA_WRITE_VECTOR_1;1024;173221
$DMA_READ_VECTOR_1;1024;69399
$DMA_WRITE_VECTOR_2;1024;167218
$DMA_READ_VECTOR_2;1024;69285
$DMA_WRITE_VECTOR_1;2048;178825
$DMA_READ_VECTOR_1;2048;118207
$DMA_WRITE_VECTOR_4;1024;161869
$DMA_READ_VECTOR_4;1024;81172
$DMA_WRITE_VECTOR_2;2048;167533
$DMA_READ_VECTOR_2;2048;68561
$DMA_WRITE_VECTOR_1;4096;178885
$DMA_READ_VECTOR_1;4096;123276
$DMA_WRITE_VECTOR_8;1024;156346
$DMA_READ_VECTOR_8;1024;107157
$DMA_WRITE_VECTOR_4;2048;163400
$DMA_READ_VECTOR_4;2048;92780
$DMA_WRITE_VECTOR_2;4096;166964
$DMA_READ_VECTOR_2;4096;148452
$DMA_WRITE_VECTOR_1;8192;179493
$DMA_READ_VECTOR_1;8192;178985
$DMA_WRITE_VECTOR_16;1024;146369
$DMA_READ_VECTOR_16;1024;55670
$DMA_WRITE_VECTOR_8;2048;156399
$DMA_READ_VECTOR_8;2048;121320
$DMA_WRITE_VECTOR_4;4096;161538
$DMA_READ_VECTOR_4;4096;113449
$DMA_WRITE_VECTOR_2;8192;165899
$DMA_READ_VECTOR_2;8192;121886
$DMA_WRITE_VECTOR_1;16384;179021
$DMA_READ_VECTOR_1;16384;141238
$DMA_WRITE_VECTOR_32;1024;108773
$DMA_READ_VECTOR_32;1024;38588
$DMA_WRITE_VECTOR_16;2048;140519
$DMA_READ_VECTOR_16;2048;67115
$DMA_WRITE_VECTOR_8;4096;151346
$DMA_READ_VECTOR_8;4096;119071
$DMA_WRITE_VECTOR_4;8192;149830
$DMA_READ_VECTOR_4;8192;113880
$DMA_WRITE_VECTOR_2;16384;165403
$DMA_READ_VECTOR_2;16384;115939
$DMA_WRITE_VECTOR_1;32768;177264
$DMA_READ_VECTOR_1;32768;126845
$DMA_WRITE_VECTOR_64;1024;59869
$DMA_READ_VECTOR_64;1024;24771
$DMA_WRITE_VECTOR_32;2048;57649
$DMA_READ_VECTOR_32;2048;31468
$DMA_WRITE_VECTOR_16;4096;67069
$DMA_READ_VECTOR_16;4096;31941
$DMA_WRITE_VECTOR_8;8192;70642
$DMA_READ_VECTOR_8;8192;41756
$DMA_WRITE_VECTOR_4;16384;71613
$DMA_READ_VECTOR_4;16384;32016
$DMA_WRITE_VECTOR_2;32768;73485
$DMA_READ_VECTOR_2;32768;35150
$DMA_WRITE_VECTOR_1;65536;73718
$DMA_READ_VECTOR_1;65536;36042
$DMA_WRITE_VECTOR_128;1024;27177
$DMA_READ_VECTOR_128;1024;17876
$DMA_WRITE_VECTOR_64;2048;34561
$DMA_READ_VECTOR_64;2048;23635
$DMA_WRITE_VECTOR_32;4096;44414
$DMA_READ_VECTOR_32;4096;25245
$DMA_WRITE_VECTOR_16;8192;41989
$DMA_READ_VECTOR_16;8192;24999
$DMA_WRITE_VECTOR_8;16384;46728
$DMA_READ_VECTOR_8;16384;26853
$DMA_WRITE_VECTOR_4;32768;46350
$DMA_READ_VECTOR_4;32768;25877
$DMA_WRITE_VECTOR_2;65536;48628
$DMA_READ_VECTOR_2;65536;25850
$DMA_WRITE_VECTOR_1;131072;51900
$DMA_READ_VECTOR_1;131072;29096
$DMA_WRITE_VECTOR_256;1024;17638
$DMA_READ_VECTOR_256;1024;11364
$DMA_WRITE_VECTOR_128;2048;24365
$DMA_READ_VECTOR_128;2048;16892
$DMA_WRITE_VECTOR_64;4096;27226
$DMA_READ_VECTOR_64;4096;17882
$DMA_WRITE_VECTOR_32;8192;27102
$DMA_READ_VECTOR_32;8192;18437
$DMA_WRITE_VECTOR_16;16384;27595
$DMA_READ_VECTOR_16;16384;21660
$DMA_WRITE_VECTOR_8;32768;29345
$DMA_READ_VECTOR_8;32768;20256
$DMA_WRITE_VECTOR_4;65536;31701
$DMA_READ_VECTOR_4;65536;19890
$DMA_WRITE_VECTOR_2;131072;31563
$DMA_READ_VECTOR_2;131072;19486
$DMA_WRITE_VECTOR_1;262144;33551
$DMA_READ_VECTOR_1;262144;18845
$DMA_WRITE_VECTOR_256;2048;15057
$DMA_READ_VECTOR_256;2048;10875
$DMA_WRITE_VECTOR_128;4096;21696
$DMA_READ_VECTOR_128;4096;12138
$DMA_WRITE_VECTOR_64;8192;19138
$DMA_READ_VECTOR_64;8192;12192
$DMA_WRITE_VECTOR_32;16384;19480
$DMA_READ_VECTOR_32;16384;12542
$DMA_WRITE_VECTOR_16;32768;20733
$DMA_READ_VECTOR_16;32768;12340
$DMA_WRITE_VECTOR_8;65536;19829
$DMA_READ_VECTOR_8;65536;12449
$DMA_WRITE_VECTOR_4;131072;19713
$DMA_READ_VECTOR_4;131072;13561
$DMA_WRITE_VECTOR_2;262144;20001
$DMA_READ_VECTOR_2;262144;12677
$DMA_WRITE_VECTOR_1;524288;20303
$DMA_READ_VECTOR_1;524288;12702
$DMA_WRITE_VECTOR_256;4096;11249
$DMA_READ_VECTOR_256;4096;6988
$DMA_WRITE_VECTOR_128;8192;12283
$DMA_READ_VECTOR_128;8192;7252
$DMA_WRITE_VECTOR_64;16384;12468
$DMA_READ_VECTOR_64;16384;7537
$DMA_WRITE_VECTOR_32;32768;14173
$DMA_READ_VECTOR_32;32768;7519
$DMA_WRITE_VECTOR_16;65536;12855
$DMA_READ_VECTOR_16;65536;7570
$DMA_WRITE_VECTOR_8;131072;12962
$DMA_READ_VECTOR_8;131072;7718
$DMA_WRITE_VECTOR_4;262144;13040
$DMA_READ_VECTOR_4;262144;7540
$DMA_WRITE_VECTOR_2;524288;13074
$DMA_READ_VECTOR_2;524288;7624
$DMA_WRITE_VECTOR_1;1048576;13171
$DMA_READ_VECTOR_1;1048576;8083
$DMA_WRITE_VECTOR_256;8192;7165
$DMA_READ_VECTOR_256;8192;4043
$DMA_WRITE_VECTOR_128;16384;7804
$DMA_READ_VECTOR_128;16384;4182
$DMA_WRITE_VECTOR_64;32768;7869
$DMA_READ_VECTOR_64;32768;4212
$DMA_WRITE_VECTOR_32;65536;7906
$DMA_READ_VECTOR_32;65536;4229
$DMA_WRITE_VECTOR_16;131072;7968
$DMA_READ_VECTOR_16;131072;4394
$DMA_WRITE_VECTOR_8;262144;8030
$DMA_READ_VECTOR_8;262144;4303
$DMA_WRITE_VECTOR_4;524288;8108
$DMA_READ_VECTOR_4;524288;4254
$DMA_WRITE_VECTOR_2;1048576;8114
$DMA_READ_VECTOR_2;1048576;4272
$DMA_WRITE_VECTOR_1;2097152;7994
$DMA_READ_VECTOR_1;2097152;4300
$DMA_WRITE_VECTOR_256;16384;4245
$DMA_READ_VECTOR_256;16384;2181
$DMA_WRITE_VECTOR_128;32768;4536
$DMA_READ_VECTOR_128;32768;2228
$DMA_WRITE_VECTOR_64;65536;4400
$DMA_READ_VECTOR_64;65536;2221
$DMA_WRITE_VECTOR_32;131072;4472
$DMA_READ_VECTOR_32;131072;2238
$DMA_WRITE_VECTOR_16;262144;4647
$DMA_READ_VECTOR_16;262144;2224
$DMA_WRITE_VECTOR_8;524288;4457
$DMA_READ_VECTOR_8;524288;2240
$DMA_WRITE_VECTOR_4;1048576;4483
$DMA_READ_VECTOR_4;1048576;2285
$DMA_WRITE_VECTOR_2;2097152;4529
$DMA_READ_VECTOR_2;2097152;2237
$DMA_WRITE_VECTOR_1;4194304;4498
$DMA_READ_VECTOR_1;4194304;2242
$DMA_WRITE_VECTOR_256;32768;2296
$DMA_READ_VECTOR_256;32768;1152
$DMA_WRITE_VECTOR_128;65536;2319
$DMA_READ_VECTOR_128;65536;1156
$DMA_WRITE_VECTOR_64;131072;2333
$DMA_READ_VECTOR_64;131072;1174
$DMA_WRITE_VECTOR_32;262144;2368
$DMA_READ_VECTOR_32;262144;1164
$DMA_WRITE_VECTOR_16;524288;2346
$DMA_READ_VECTOR_16;524288;1163
$DMA_WRITE_VECTOR_8;1048576;2369
$DMA_READ_VECTOR_8;1048576;1169
$DMA_WRITE_VECTOR_4;2097152;2371
$DMA_READ_VECTOR_4;2097152;1164
$DMA_WRITE_VECTOR_2;4194304;2355
$DMA_READ_VECTOR_2;4194304;1161
$DMA_WRITE_VECTOR_1;8388608;2410
$DMA_READ_VECTOR_1;8388608;1171
$DMA_WRITE_VECTOR_256;65536;1217
$DMA_READ_VECTOR_256;65536;592
$DMA_WRITE_VECTOR_128;131072;1219
$DMA_READ_VECTOR_128;131072;593
$DMA_WRITE_VECTOR_64;262144;1216
$DMA_READ_VECTOR_64;262144;596
$DMA_WRITE_VECTOR_32;524288;1221
$DMA_READ_VECTOR_32;524288;595
$DMA_WRITE_VECTOR_16;1048576;1242
$DMA_READ_VECTOR_16;1048576;597
$DMA_WRITE_VECTOR_8;2097152;1232
$DMA_READ_VECTOR_8;2097152;594
$DMA_WRITE_VECTOR_4;4194304;1235
$DMA_READ_VECTOR_4;4194304;595
$DMA_WRITE_VECTOR_2;8388608;1235
$DMA_READ_VECTOR_2;8388608;596
$DMA_WRITE_VECTOR_1;16777216;1231
$DMA_READ_VECTOR_1;16777216;596
#################### INTERRUPT EXPERIMENTS ####################
$INT;1;1055616
################## DATA INTERRUPT EXPERIMENTS ##################
ERROR: SCITriggerDataInterrupt failed with error code SCI_ERR_NOSPC one or more times in a masked context
$INT_DATA;1;761928
ERROR: SCITriggerDataInterrupt failed with error code SCI_ERR_NOSPC one or more times in a masked context
$INT_DATA;50;760821
##################### PING-PONG PIO EXPERIMENTS #####################
$PIO_PINGPONG;0;925040
##################### BROADCAST PIO EXPERIMENTS #####################
$PIO_BROADCAST_1;1;3165981273
$PIO_BROADCAST_1;4096;1335439
$PIO_BROADCAST_1;2097152;5361
$PIO_BROADCAST_2;1;3168682897
$PIO_BROADCAST_2;4096;1337486
$PIO_BROADCAST_2;2097152;5295
$PIO_BROADCAST_3;1;1424090924
$PIO_BROADCAST_3;4096;344288
$PIO_BROADCAST_3;2097152;679
$PIO_BROADCAST_4;1;1424092588
$PIO_BROADCAST_4;4096;344291
$PIO_BROADCAST_4;2097152;679
$PIO_BROADCAST_5;1;1424132908
$PIO_BROADCAST_5;4096;344285
$PIO_BROADCAST_5;2097152;679
$PIO_BROADCAST_6;1;1424107765
$PIO_BROADCAST_6;4096;344290
$PIO_BROADCAST_6;2097152;679
##################### VAR SIZE SEGMENTS EXPERIMENTS #####################
$PIO_WRITE_FLUSH_SEG_SIZE_4096;1;8523019
$PIO_WRITE_FLUSH_SEG_SIZE_8192;1;8522999
$PIO_WRITE_FLUSH_SEG_SIZE_16384;1;8522405
$PIO_WRITE_FLUSH_SEG_SIZE_32768;1;8522982
$PIO_WRITE_FLUSH_SEG_SIZE_65536;1;8522919
$PIO_WRITE_FLUSH_SEG_SIZE_131072;1;8522922
$PIO_WRITE_FLUSH_SEG_SIZE_262144;1;8522905
$PIO_WRITE_FLUSH_SEG_SIZE_524288;1;8521922
$PIO_WRITE_FLUSH_SEG_SIZE_1048576;1;8523084
$PIO_WRITE_FLUSH_SEG_SIZE_2097152;1;8522842
$PIO_WRITE_FLUSH_SEG_SIZE_4194304;1;8520524
$PIO_WRITE_FLUSH_SEG_SIZE_8388608;1;8522480
$PIO_WRITE_FLUSH_SEG_SIZE_16777216;1;8522284
##################### EXPERIMENTS END #####################